# JRE version: Java(TM) SE Runtime Environment (8.0_191-b12) (build 1.8.0_191-b12)
# Java VM: Java HotSpot(TM) 64-Bit Server VM (25.191-b12 mixed mode linux-amd64 compressed oops)
Heap:
 PSYoungGen      total 74752K, used 32945K [0x000000076d000000, 0x0000000776200000, 0x00000007c0000000)
  eden space 64512K, 51% used [0x000000076d000000,0x000000076f02c6c0,0x0000000770f00000)
  from space 10240K, 0% used [0x0000000771900000,0x0000000771900000,0x0000000772300000)
  to   space 10240K, 0% used [0x0000000770f00000,0x0000000770f00000,0x0000000771900000)
 ParOldGen       total 104448K, used 6745K [0x00000006c7000000, 0x00000006cd600000, 0x000000076d000000)
  object space 104448K, 6% used [0x00000006c7000000,0x00000006c76965c8,0x00000006cd600000)
 Metaspace       used 26633K, capacity 27952K, committed 28160K, reserved 1073152K
  class space    used 3703K, capacity 3981K, committed 4096K, reserved 1048576K
GC Heap History (6 events):
Event: 0.908 GC heap before
{Heap before GC invocations=1 (full 0):
 PSYoungGen      total 74752K, used 64512K [0x000000076d000000, 0x0000000772300000, 0x00000007c0000000)
  eden space 64512K, 100% used [0x000000076d000000,0x0000000770f00000,0x0000000770f00000)
  from space 10240K, 0% used [0x0000000771900000,0x0000000771900000,0x0000000772300000)
  to   space 10240K, 0% used [0x0000000770f00000,0x0000000770f00000,0x0000000771900000)
 ParOldGen       total 171008K, used 0K [0x00000006c7000000, 0x00000006d1700000, 0x000000076d000000)
  object space 171008K, 0% used [0x00000006c7000000,0x00000006c7000000,0x00000006d1700000)
 Metaspace       used 16717K, capacity 17334K, committed 17408K, reserved 1064960K
  class space    used 2103K, capacity 2290K, committed 2304K, reserved 1048576K
Event: 0.913 GC heap after
Heap after GC invocations=1 (full 0):
 PSYoungGen      total 74752K, used 8214K [0x000000076d000000, 0x0000000772300000, 0x00000007c0000000)
  eden space 64512K, 0% used [0x000000076d000000,0x000000076d000000,0x0000000770f00000)
  from space 10240K, 80% used [0x0000000770f00000,0x0000000771705b40,0x0000000771900000)
  to   space 10240K, 0% used [0x0000000771900000,0x0000000771900000,0x0000000772300000)
 ParOldGen       total 171008K, used 80K [0x00000006c7000000, 0x00000006d1700000, 0x000000076d000000)
  object space 171008K, 0% used [0x00000006c7000000,0x00000006c7014010,0x00000006d1700000)
 Metaspace       used 16717K, capacity 17334K, committed 17408K, reserved 1064960K
  class space    used 2103K, capacity 2290K, committed 2304K, reserved 1048576K
}
Event: 1.056 GC heap before
{Heap before GC invocations=2 (full 0):
 PSYoungGen      total 74752K, used 23325K [0x000000076d000000, 0x0000000772300000, 0x00000007c0000000)
  eden space 64512K, 23% used [0x000000076d000000,0x000000076dec1be8,0x0000000770f00000)
  from space 10240K, 80% used [0x0000000770f00000,0x0000000771705b40,0x0000000771900000)
  to   space 10240K, 0% used [0x0000000771900000,0x0000000771900000,0x0000000772300000)
 ParOldGen       total 171008K, used 80K [0x00000006c7000000, 0x00000006d1700000, 0x000000076d000000)
  object space 171008K, 0% used [0x00000006c7000000,0x00000006c7014010,0x00000006d1700000)
 Metaspace       used 20608K, capacity 21214K, committed 21248K, reserved 1067008K
  class space    used 2647K, capacity 2814K, committed 2816K, reserved 1048576K
Event: 1.061 GC heap after
Heap after GC invocations=2 (full 0):
 PSYoungGen      total 74752K, used 6822K [0x000000076d000000, 0x0000000776200000, 0x00000007c0000000)
  eden space 64512K, 0% used [0x000000076d000000,0x000000076d000000,0x0000000770f00000)
  from space 10240K, 66% used [0x0000000771900000,0x0000000771fa9bf0,0x0000000772300000)
  to   space 10240K, 0% used [0x0000000770f00000,0x0000000770f00000,0x0000000771900000)
 ParOldGen       total 171008K, used 88K [0x00000006c7000000, 0x00000006d1700000, 0x000000076d000000)
  object space 171008K, 0% used [0x00000006c7000000,0x00000006c7016010,0x00000006d1700000)
 Metaspace       used 20608K, capacity 21214K, committed 21248K, reserved 1067008K
  class space    used 2647K, capacity 2814K, committed 2816K, reserved 1048576K
}
Event: 1.061 GC heap before
{Heap before GC invocations=3 (full 1):
 PSYoungGen      total 74752K, used 6822K [0x000000076d000000, 0x0000000776200000, 0x00000007c0000000)
  eden space 64512K, 0% used [0x000000076d000000,0x000000076d000000,0x0000000770f00000)
  from space 10240K, 66% used [0x0000000771900000,0x0000000771fa9bf0,0x0000000772300000)
  to   space 10240K, 0% used [0x0000000770f00000,0x0000000770f00000,0x0000000771900000)
 ParOldGen       total 171008K, used 88K [0x00000006c7000000, 0x00000006d1700000, 0x000000076d000000)
  object space 171008K, 0% used [0x00000006c7000000,0x00000006c7016010,0x00000006d1700000)
 Metaspace       used 20608K, capacity 21214K, committed 21248K, reserved 1067008K
  class space    used 2647K, capacity 2814K, committed 2816K, reserved 1048576K
Event: 1.081 GC heap after
Heap after GC invocations=3 (full 1):
 PSYoungGen      total 74752K, used 0K [0x000000076d000000, 0x0000000776200000, 0x00000007c0000000)
  eden space 64512K, 0% used [0x000000076d000000,0x000000076d000000,0x0000000770f00000)
  from space 10240K, 0% used [0x0000000771900000,0x0000000771900000,0x0000000772300000)
  to   space 10240K, 0% used [0x0000000770f00000,0x0000000770f00000,0x0000000771900000)
 ParOldGen       total 104448K, used 6745K [0x00000006c7000000, 0x00000006cd600000, 0x000000076d000000)
  object space 104448K, 6% used [0x00000006c7000000,0x00000006c76965c8,0x00000006cd600000)
 Metaspace       used 20608K, capacity 21214K, committed 21248K, reserved 1067008K
  class space    used 2647K, capacity 2814K, committed 2816K, reserved 1048576K
}

