# JRE version: Java(TM) SE Runtime Environment (8.0_191-b12) (build 1.8.0_191-b12)
# Java VM: Java HotSpot(TM) 64-Bit Server VM (25.191-b12 mixed mode linux-amd64 compressed oops)
Heap:
 PSYoungGen      total 74752K, used 32797K [0x000000076d000000, 0x0000000776200000, 0x00000007c0000000)
  eden space 64512K, 50% used [0x000000076d000000,0x000000076f0074d8,0x0000000770f00000)
  from space 10240K, 0% used [0x0000000771900000,0x0000000771900000,0x0000000772300000)
  to   space 10240K, 0% used [0x0000000770f00000,0x0000000770f00000,0x0000000771900000)
 ParOldGen       total 103936K, used 6709K [0x00000006c7000000, 0x00000006cd580000, 0x000000076d000000)
  object space 103936K, 6% used [0x00000006c7000000,0x00000006c768d6b8,0x00000006cd580000)
 Metaspace       used 26598K, capacity 27930K, committed 28160K, reserved 1073152K
  class space    used 3703K, capacity 3980K, committed 4096K, reserved 1048576K
GC Heap History (6 events):
Event: 0.896 GC heap before
{Heap before GC invocations=1 (full 0):
 PSYoungGen      total 74752K, used 64512K [0x000000076d000000, 0x0000000772300000, 0x00000007c0000000)
  eden space 64512K, 100% used [0x000000076d000000,0x0000000770f00000,0x0000000770f00000)
  from space 10240K, 0% used [0x0000000771900000,0x0000000771900000,0x0000000772300000)
  to   space 10240K, 0% used [0x0000000770f00000,0x0000000770f00000,0x0000000771900000)
 ParOldGen       total 171008K, used 0K [0x00000006c7000000, 0x00000006d1700000, 0x000000076d000000)
  object space 171008K, 0% used [0x00000006c7000000,0x00000006c7000000,0x00000006d1700000)
 Metaspace       used 16726K, capacity 17326K, committed 17408K, reserved 1064960K
  class space    used 2103K, capacity 2290K, committed 2304K, reserved 1048576K
Event: 0.903 GC heap after
Heap after GC invocations=1 (full 0):
 PSYoungGen      total 74752K, used 8272K [0x000000076d000000, 0x0000000772300000, 0x00000007c0000000)
  eden space 64512K, 0% used [0x000000076d000000,0x000000076d000000,0x0000000770f00000)
  from space 10240K, 80% used [0x0000000770f00000,0x0000000771714188,0x0000000771900000)
  to   space 10240K, 0% used [0x0000000771900000,0x0000000771900000,0x0000000772300000)
 ParOldGen       total 171008K, used 80K [0x00000006c7000000, 0x00000006d1700000, 0x000000076d000000)
  object space 171008K, 0% used [0x00000006c7000000,0x00000006c7014010,0x00000006d1700000)
 Metaspace       used 16726K, capacity 17326K, committed 17408K, reserved 1064960K
  class space    used 2103K, capacity 2290K, committed 2304K, reserved 1048576K
}
Event: 1.039 GC heap before
{Heap before GC invocations=2 (full 0):
 PSYoungGen      total 74752K, used 23321K [0x000000076d000000, 0x0000000772300000, 0x00000007c0000000)
  eden space 64512K, 23% used [0x000000076d000000,0x000000076deb22b8,0x0000000770f00000)
  from space 10240K, 80% used [0x0000000770f00000,0x0000000771714188,0x0000000771900000)
  to   space 10240K, 0% used [0x0000000771900000,0x0000000771900000,0x0000000772300000)
 ParOldGen       total 171008K, used 80K [0x00000006c7000000, 0x00000006d1700000, 0x000000076d000000)
  object space 171008K, 0% used [0x00000006c7000000,0x00000006c7014010,0x00000006d1700000)
 Metaspace       used 20587K, capacity 21206K, committed 21248K, reserved 1067008K
  class space    used 2642K, capacity 2814K, committed 2816K, reserved 1048576K
Event: 1.044 GC heap after
Heap after GC invocations=2 (full 0):
 PSYoungGen      total 74752K, used 6846K [0x000000076d000000, 0x0000000776200000, 0x00000007c0000000)
  eden space 64512K, 0% used [0x000000076d000000,0x000000076d000000,0x0000000770f00000)
  from space 10240K, 66% used [0x0000000771900000,0x0000000771faf928,0x0000000772300000)
  to   space 10240K, 0% used [0x0000000770f00000,0x0000000770f00000,0x0000000771900000)
 ParOldGen       total 171008K, used 88K [0x00000006c7000000, 0x00000006d1700000, 0x000000076d000000)
  object space 171008K, 0% used [0x00000006c7000000,0x00000006c7016010,0x00000006d1700000)
 Metaspace       used 20587K, capacity 21206K, committed 21248K, reserved 1067008K
  class space    used 2642K, capacity 2814K, committed 2816K, reserved 1048576K
}
Event: 1.044 GC heap before
{Heap before GC invocations=3 (full 1):
 PSYoungGen      total 74752K, used 6846K [0x000000076d000000, 0x0000000776200000, 0x00000007c0000000)
  eden space 64512K, 0% used [0x000000076d000000,0x000000076d000000,0x0000000770f00000)
  from space 10240K, 66% used [0x0000000771900000,0x0000000771faf928,0x0000000772300000)
  to   space 10240K, 0% used [0x0000000770f00000,0x0000000770f00000,0x0000000771900000)
 ParOldGen       total 171008K, used 88K [0x00000006c7000000, 0x00000006d1700000, 0x000000076d000000)
  object space 171008K, 0% used [0x00000006c7000000,0x00000006c7016010,0x00000006d1700000)
 Metaspace       used 20587K, capacity 21206K, committed 21248K, reserved 1067008K
  class space    used 2642K, capacity 2814K, committed 2816K, reserved 1048576K
Event: 1.065 GC heap after
Heap after GC invocations=3 (full 1):
 PSYoungGen      total 74752K, used 0K [0x000000076d000000, 0x0000000776200000, 0x00000007c0000000)
  eden space 64512K, 0% used [0x000000076d000000,0x000000076d000000,0x0000000770f00000)
  from space 10240K, 0% used [0x0000000771900000,0x0000000771900000,0x0000000772300000)
  to   space 10240K, 0% used [0x0000000770f00000,0x0000000770f00000,0x0000000771900000)
 ParOldGen       total 103936K, used 6709K [0x00000006c7000000, 0x00000006cd580000, 0x000000076d000000)
  object space 103936K, 6% used [0x00000006c7000000,0x00000006c768d6b8,0x00000006cd580000)
 Metaspace       used 20587K, capacity 21206K, committed 21248K, reserved 1067008K
  class space    used 2642K, capacity 2814K, committed 2816K, reserved 1048576K
}

